# JRE version: Java(TM) SE Runtime Environment (8.0_20-b26) (build 1.8.0_20-b26)
# Java VM: Java HotSpot(TM) 64-Bit Server VM (25.20-b23 mixed mode windows-amd64 compressed oops)
Heap:
 PSYoungGen      total 24064K, used 15344K [0x00000000e5580000, 0x00000000e7000000, 0x0000000100000000)
  eden space 20992K, 58% used [0x00000000e5580000,0x00000000e6181610,0x00000000e6a00000)
  from space 3072K, 99% used [0x00000000e6d00000,0x00000000e6ffaaf0,0x00000000e7000000)
  to   space 3072K, 0% used [0x00000000e6a00000,0x00000000e6a00000,0x00000000e6d00000)
 ParOldGen       total 54784K, used 2362K [0x00000000b0000000, 0x00000000b3580000, 0x00000000e5580000)
  object space 54784K, 4% used [0x00000000b0000000,0x00000000b024ea30,0x00000000b3580000)
 Metaspace       used 10451K, capacity 10615K, committed 10880K, reserved 1058816K
  class space    used 1008K, capacity 1046K, committed 1152K, reserved 1048576K
GC Heap History (4 events):
Event: 10.572 GC heap before
{Heap before GC invocations=1 (full 0):
 PSYoungGen      total 24064K, used 20992K [0x00000000e5580000, 0x00000000e7000000, 0x0000000100000000)
  eden space 20992K, 100% used [0x00000000e5580000,0x00000000e6a00000,0x00000000e6a00000)
  from space 3072K, 0% used [0x00000000e6d00000,0x00000000e6d00000,0x00000000e7000000)
  to   space 3072K, 0% used [0x00000000e6a00000,0x00000000e6a00000,0x00000000e6d00000)
 ParOldGen       total 54784K, used 0K [0x00000000b0000000, 0x00000000b3580000, 0x00000000e5580000)
  object space 54784K, 0% used [0x00000000b0000000,0x00000000b0000000,0x00000000b3580000)
 Metaspace       used 10368K, capacity 10487K, committed 10624K, reserved 1058816K
  class space    used 1001K, capacity 1046K, committed 1152K, reserved 1048576K
Event: 10.579 GC heap after
Heap after GC invocations=1 (full 0):
 PSYoungGen      total 24064K, used 3054K [0x00000000e5580000, 0x00000000e7000000, 0x0000000100000000)
  eden space 20992K, 0% used [0x00000000e5580000,0x00000000e5580000,0x00000000e6a00000)
  from space 3072K, 99% used [0x00000000e6a00000,0x00000000e6cfbb60,0x00000000e6d00000)
  to   space 3072K, 0% used [0x00000000e6d00000,0x00000000e6d00000,0x00000000e7000000)
 ParOldGen       total 54784K, used 2010K [0x00000000b0000000, 0x00000000b3580000, 0x00000000e5580000)
  object space 54784K, 3% used [0x00000000b0000000,0x00000000b01f6a30,0x00000000b3580000)
 Metaspace       used 10368K, capacity 10487K, committed 10624K, reserved 1058816K
  class space    used 1001K, capacity 1046K, committed 1152K, reserved 1048576K
}
Event: 119.620 GC heap before
{Heap before GC invocations=2 (full 0):
 PSYoungGen      total 24064K, used 24046K [0x00000000e5580000, 0x00000000e7000000, 0x0000000100000000)
  eden space 20992K, 100% used [0x00000000e5580000,0x00000000e6a00000,0x00000000e6a00000)
  from space 3072K, 99% used [0x00000000e6a00000,0x00000000e6cfbb60,0x00000000e6d00000)
  to   space 3072K, 0% used [0x00000000e6d00000,0x00000000e6d00000,0x00000000e7000000)
 ParOldGen       total 54784K, used 2010K [0x00000000b0000000, 0x00000000b3580000, 0x00000000e5580000)
  object space 54784K, 3% used [0x00000000b0000000,0x00000000b01f6a30,0x00000000b3580000)
 Metaspace       used 10432K, capacity 10551K, committed 10880K, reserved 1058816K
  class space    used 1005K, capacity 1046K, committed 1152K, reserved 1048576K
Event: 119.626 GC heap after
Heap after GC invocations=2 (full 0):
 PSYoungGen      total 24064K, used 3050K [0x00000000e5580000, 0x00000000e7000000, 0x0000000100000000)
  eden space 20992K, 0% used [0x00000000e5580000,0x00000000e5580000,0x00000000e6a00000)
  from space 3072K, 99% used [0x00000000e6d00000,0x00000000e6ffaaf0,0x00000000e7000000)
  to   space 3072K, 0% used [0x00000000e6a00000,0x00000000e6a00000,0x00000000e6d00000)
 ParOldGen       total 54784K, used 2362K [0x00000000b0000000, 0x00000000b3580000, 0x00000000e5580000)
  object space 54784K, 4% used [0x00000000b0000000,0x00000000b024ea30,0x00000000b3580000)
 Metaspace       used 10432K, capacity 10551K, committed 10880K, reserved 1058816K
  class space    used 1005K, capacity 1046K, committed 1152K, reserved 1048576K
}

